[    0.000000] Initializing cgroup subsys cpuset
[    0.000000] Initializing cgroup subsys cpu
[    0.000000] Initializing cgroup subsys cpuacct
[    0.000000] Linux version 4.4.0-77-generic (buildd@lgw01-59) (gcc version 5.4.0 20160609 (Ubuntu 5.4.0-6ubuntu1~16.04.4) ) #98-Ubuntu SMP Wed Apr 26 08:34:02 UTC 2017 (Ubuntu 4.4.0-77.98-generic 4.4.59)
[    0.000000] Command line: BOOT_IMAGE=/boot/vmlinuz-4.4.0-77-generic root=LABEL=cloudimg-rootfs ro console=tty1 console=ttyS0
[    0.000000] KERNEL supported cpus:
[    0.000000]   Intel GenuineIntel
[    0.000000]   AMD AuthenticAMD
[    0.000000]   Centaur CentaurHauls
[    0.000000] x86/fpu: xstate_offset[2]:  576, xstate_sizes[2]:  256
[    0.000000] x86/fpu: Supporting XSAVE feature 0x01: 'x87 floating point registers'
[    0.000000] x86/fpu: Supporting XSAVE feature 0x02: 'SSE registers'
[    0.000000] x86/fpu: Supporting XSAVE feature 0x04: 'AVX registers'
[    0.000000] x86/fpu: Enabled xstate features 0x7, context size is 832 bytes, using 'standard' format.
[    0.000000] x86/fpu: Using 'lazy' FPU context switches.
[    0.000000] e820: BIOS-provided physical RAM map:
[    0.000000] BIOS-e820: [mem 0x0000000000000000-0x000000000009fbff] usable
[    0.000000] BIOS-e820: [mem 0x000000000009fc00-0x000000000009ffff] reserved
[    0.000000] BIOS-e820: [mem 0x00000000000f0000-0x00000000000fffff] reserved
[    0.000000] BIOS-e820: [mem 0x0000000000100000-0x000000003ffeffff] usable
[    0.000000] BIOS-e820: [mem 0x000000003fff0000-0x000000003fffffff] ACPI data
[    0.000000] BIOS-e820: [mem 0x00000000fec00000-0x00000000fec00fff] reserved
[    0.000000] BIOS-e820: [mem 0x00000000fee00000-0x00000000fee00fff] reserved
[    0.000000] BIOS-e820: [mem 0x00000000fffc0000-0x00000000ffffffff] reserved
[    0.000000] NX (Execute Disable) protection: active
[    0.000000] SMBIOS 2.5 present.
[    0.000000] Hypervisor detected: KVM
[    0.000000] e820: last_pfn = 0x3fff0 max_arch_pfn = 0x400000000
[    0.000000] MTRR: Disabled
[    0.000000] x86/PAT: MTRRs disabled, skipping PAT initialization too.
[    0.000000] x86/PAT: Configuration [0-7]: WB  WT  UC- UC  WB  WT  UC- UC  
[    0.000000] CPU MTRRs all blank - virtualized system.
[    0.000000] found SMP MP-table at [mem 0x0009fff0-0x0009ffff] mapped at [ffff88000009fff0]
[    0.000000] Scanning 1 areas for low memory corruption
[    0.000000] RAMDISK: [mem 0x36af4000-0x37571fff]
[    0.000000] ACPI: Early table checksum verification disabled
[    0.000000] ACPI: RSDP 0x00000000000E0000 000024 (v02 VBOX  )
[    0.000000] ACPI: XSDT 0x000000003FFF0030 00003C (v01 VBOX   VBOXXSDT 00000001 ASL  00000061)
[    0.000000] ACPI: FACP 0x000000003FFF00F0 0000F4 (v04 VBOX   VBOXFACP 00000001 ASL  00000061)
[    0.000000] ACPI: DSDT 0x000000003FFF0470 0021C8 (v02 VBOX   VBOXBIOS 00000002 INTL 20100528)
[    0.000000] ACPI: FACS 0x000000003FFF0200 000040
[    0.000000] ACPI: FACS 0x000000003FFF0200 000040
[    0.000000] ACPI: APIC 0x000000003FFF0240 00005C (v02 VBOX   VBOXAPIC 00000001 ASL  00000061)
[    0.000000] ACPI: SSDT 0x000000003FFF02A0 0001CC (v01 VBOX   VBOXCPUT 00000002 INTL 20100528)
[    0.000000] No NUMA configuration found
[    0.000000] Faking a node at [mem 0x0000000000000000-0x000000003ffeffff]
[    0.000000] NODE_DATA(0) allocated [mem 0x3ffeb000-0x3ffeffff]
[    0.000000] kvm-clock: Using msrs 4b564d01 and 4b564d00
[    0.000000] kvm-clock: cpu 0, msr 0:3ffe3001, primary cpu clock
[    0.000000] kvm-clock: using sched offset of 3355468654 cycles
[    0.000000] clocksource: kvm-clock: mask: 0xffffffffffffffff max_cycles: 0x1cd42e4dffb, max_idle_ns: 881590591483 ns
[    0.000000] Zone ranges:
[    0.000000]   DMA      [mem 0x0000000000001000-0x0000000000ffffff]
[    0.000000]   DMA32    [mem 0x0000000001000000-0x000000003ffeffff]
[    0.000000]   Normal   empty
[    0.000000]   Device   empty
[    0.000000] Movable zone start for each node
[    0.000000] Early memory node ranges
[    0.000000]   node   0: [mem 0x0000000000001000-0x000000000009efff]
[    0.000000]   node   0: [mem 0x0000000000100000-0x000000003ffeffff]
[    0.000000] Initmem setup node 0 [mem 0x0000000000001000-0x000000003ffeffff]
[    0.000000] ACPI: PM-Timer IO Port: 0x4008
[    0.000000] IOAPIC[0]: apic_id 2, version 32, address 0xfec00000, GSI 0-23
[    0.000000] ACPI: INT_SRC_OVR (bus 0 bus_irq 0 global_irq 2 dfl dfl)
[    0.000000] ACPI: INT_SRC_OVR (bus 0 bus_irq 9 global_irq 9 high level)
[    0.000000] Using ACPI (MADT) for SMP configuration information
[    0.000000] smpboot: Allowing 2 CPUs, 0 hotplug CPUs
[    0.000000] PM: Registered nosave memory: [mem 0x00000000-0x00000fff]
[    0.000000] PM: Registered nosave memory: [mem 0x0009f000-0x0009ffff]
[    0.000000] PM: Registered nosave memory: [mem 0x000a0000-0x000effff]
[    0.000000] PM: Registered nosave memory: [mem 0x000f0000-0x000fffff]
[    0.000000] e820: [mem 0x40000000-0xfebfffff] available for PCI devices
[    0.000000] Booting paravirtualized kernel on KVM
[    0.000000] clocksource: refined-jiffies: mask: 0xffffffff max_cycles: 0xffffffff, max_idle_ns: 7645519600211568 ns
[    0.000000] setup_percpu: NR_CPUS:512 nr_cpumask_bits:512 nr_cpu_ids:2 nr_node_ids:1
[    0.000000] PERCPU: Embedded 33 pages/cpu @ffff88003fc00000 s98264 r8192 d28712 u1048576
[    0.000000] PV qspinlock hash table entries: 256 (order: 0, 4096 bytes)
[    0.000000] Built 1 zonelists in Node order, mobility grouping on.  Total pages: 257913
[    0.000000] Policy zone: DMA32
[    0.000000] Kernel command line: BOOT_IMAGE=/boot/vmlinuz-4.4.0-77-generic root=LABEL=cloudimg-rootfs ro console=tty1 console=ttyS0
[    0.000000] PID hash table entries: 4096 (order: 3, 32768 bytes)
[    0.000000] Memory: 1001836K/1048120K available (8449K kernel code, 1294K rwdata, 3980K rodata, 1484K init, 1316K bss, 46284K reserved, 0K cma-reserved)
[    0.000000] SLUB: HWalign=64, Order=0-3, MinObjects=0, CPUs=2, Nodes=1
[    0.000000] Hierarchical RCU implementation.
[    0.000000] 	Build-time adjustment of leaf fanout to 64.
[    0.000000] 	RCU restricting CPUs from NR_CPUS=512 to nr_cpu_ids=2.
[    0.000000] RCU: Adjusting geometry for rcu_fanout_leaf=64, nr_cpu_ids=2
[    0.000000] NR_IRQS:33024 nr_irqs:440 16
[    0.000000] Console: colour VGA+ 80x25
[    0.000000] console [tty1] enabled
[    0.000000] console [ttyS0] enabled
[    0.000000] tsc: Detected 2399.998 MHz processor
[    1.502262] Calibrating delay loop (skipped) preset value.. 4799.99 BogoMIPS (lpj=9599992)
[    1.515323] pid_max: default: 32768 minimum: 301
[    1.516539] ACPI: Core revision 20150930
[    1.524355] ACPI: 2 ACPI AML tables successfully acquired and loaded
[    1.528644] Security Framework initialized
[    1.539889] Yama: becoming mindful.
[    1.549341] AppArmor: AppArmor initialized
[    1.552273] Dentry cache hash table entries: 131072 (order: 8, 1048576 bytes)
[    1.560475] Inode-cache hash table entries: 65536 (order: 7, 524288 bytes)
[    1.568218] Mount-cache hash table entries: 2048 (order: 2, 16384 bytes)
[    1.573481] Mountpoint-cache hash table entries: 2048 (order: 2, 16384 bytes)
[    1.575996] Initializing cgroup subsys io
[    1.578302] Initializing cgroup subsys memory
[    1.579458] Initializing cgroup subsys devices
[    1.580629] Initializing cgroup subsys freezer
[    1.586037] Initializing cgroup subsys net_cls
[    1.589724] Initializing cgroup subsys perf_event
[    1.593589] Initializing cgroup subsys net_prio
[    1.594982] Initializing cgroup subsys hugetlb
[    1.596175] Initializing cgroup subsys pids
[    1.601536] CPU: Physical Processor ID: 0
[    1.605707] CPU: Processor Core ID: 0
[    1.607711] mce: CPU supports 0 MCE banks
[    1.612518] Last level iTLB entries: 4KB 1024, 2MB 1024, 4MB 1024
[    1.613925] Last level dTLB entries: 4KB 1024, 2MB 1024, 4MB 1024, 1GB 4
[    1.618759] Freeing SMP alternatives memory: 32K (ffffffff820b8000 - ffffffff820c0000)
[    1.632426] ftrace: allocating 32117 entries in 126 pages
[    1.679562] smpboot: APIC(0) Converting physical 0 to logical package 0
[    1.687032] smpboot: Max logical packages: 1
[    1.694117] x2apic enabled
[    1.695411] Switched APIC routing to physical x2apic.
[    1.697833] ..TIMER: vector=0x30 apic1=0 pin1=2 apic2=-1 pin2=-1
[    1.812364] smpboot: CPU0: Intel(R) Core(TM) i5-4258U CPU @ 2.40GHz (family: 0x6, model: 0x45, stepping: 0x1)
[    1.833340] Performance Events: unsupported p6 CPU model 69 no PMU driver, software events only.
[    1.845569] KVM setup paravirtual spinlock
[    1.849599] x86: Booting SMP configuration:
[    1.852836] .... node  #0, CPUs:      #1
[    1.857378] kvm-clock: cpu 1, msr 0:3ffe3041, secondary cpu clock
[    1.869274] mce: CPU supports 0 MCE banks
[    1.880316] x86: Booted up 1 node, 2 CPUs
[    1.881864] smpboot: Total of 2 processors activated (9599.99 BogoMIPS)
[    1.886805] devtmpfs: initialized
[    1.889112] evm: security.selinux
[    1.895519] evm: security.SMACK64
[    1.896705] evm: security.SMACK64EXEC
[    1.900441] evm: security.SMACK64TRANSMUTE
[    1.901498] evm: security.SMACK64MMAP
[    1.903178] evm: security.ima
[    1.909498] evm: security.capability
[    1.911797] clocksource: jiffies: mask: 0xffffffff max_cycles: 0xffffffff, max_idle_ns: 7645041785100000 ns
[    1.932347] futex hash table entries: 512 (order: 3, 32768 bytes)
[    1.934051] pinctrl core: initialized pinctrl subsystem
[    1.938899] RTC time: 17:04:43, date: 05/15/17
[    1.952034] NET: Registered protocol family 16
[    1.964675] cpuidle: using governor ladder
[    1.984510] cpuidle: using governor menu
[    1.994986] PCCT header not found.
[    2.001676] ACPI: bus type PCI registered
[    2.010545] acpiphp: ACPI Hot Plug PCI Controller Driver version: 0.5
[    2.012123] PCI: Using configuration type 1 for base access
[    2.035113] ACPI: Added _OSI(Module Device)
[    2.042583] ACPI: Added _OSI(Processor Device)
[    2.043885] ACPI: Added _OSI(3.0 _SCP Extensions)
[    2.045414] ACPI: Added _OSI(Processor Aggregator Device)
[    2.050384] ACPI: Executed 1 blocks of module-level executable AML code
[    2.055059] ACPI: Interpreter enabled
[    2.059967] ACPI: (supports S0 S5)
[    2.061010] ACPI: Using IOAPIC for interrupt routing
[    2.063042] PCI: Using host bridge windows from ACPI; if necessary, use "pci=nocrs" and report a bug
[    2.070809] ACPI: PCI Root Bridge [PCI0] (domain 0000 [bus 00-ff])
[    2.073658] acpi PNP0A03:00: _OSC: OS supports [ASPM ClockPM Segments MSI]
[    2.075218] acpi PNP0A03:00: _OSC failed (AE_NOT_FOUND); disabling ASPM
[    2.077923] acpi PNP0A03:00: fail to add MMCONFIG information, can't access extended PCI configuration space under this bridge.
[    2.084572] PCI host bridge to bus 0000:00
[    2.087669] pci_bus 0000:00: root bus resource [io  0x0000-0x0cf7 window]
[    2.089966] pci_bus 0000:00: root bus resource [io  0x0d00-0xffff window]
[    2.093751] pci_bus 0000:00: root bus resource [mem 0x000a0000-0x000bffff window]
[    2.103572] pci_bus 0000:00: root bus resource [mem 0x40000000-0xffdfffff window]
[    2.105572] pci_bus 0000:00: root bus resource [bus 00-ff]
[    2.116049] pci 0000:00:01.1: legacy IDE quirk: reg 0x10: [io  0x01f0-0x01f7]
[    2.124011] pci 0000:00:01.1: legacy IDE quirk: reg 0x14: [io  0x03f6]
[    2.126131] pci 0000:00:01.1: legacy IDE quirk: reg 0x18: [io  0x0170-0x0177]
[    2.129545] pci 0000:00:01.1: legacy IDE quirk: reg 0x1c: [io  0x0376]
[    2.152079] pci 0000:00:07.0: quirk: [io  0x4000-0x403f] claimed by PIIX4 ACPI
[    2.160978] pci 0000:00:07.0: quirk: [io  0x4100-0x410f] claimed by PIIX4 SMB
[    2.177834] ACPI: PCI Interrupt Link [LNKA] (IRQs 5 9 10 *11)
[    2.226938] ACPI: PCI Interrupt Link [LNKB] (IRQs 5 9 10 *11)
[    2.245027] ACPI: PCI Interrupt Link [LNKC] (IRQs 5 9 *10 11)
[    2.246958] ACPI: PCI Interrupt Link [LNKD] (IRQs 5 *9 10 11)
[    2.258787] ACPI: Enabled 2 GPEs in block 00 to 07
[    2.270949] vgaarb: setting as boot device: PCI:0000:00:02.0
[    2.301110] vgaarb: device added: PCI:0000:00:02.0,decodes=io+mem,owns=io+mem,locks=none
[    2.422958] vgaarb: loaded
[    2.430856] vgaarb: bridge control possible 0000:00:02.0
[    2.438701] SCSI subsystem initialized
[    2.440635] ACPI: bus type USB registered
[    2.446636] usbcore: registered new interface driver usbfs
[    2.450032] usbcore: registered new interface driver hub
[    2.456262] usbcore: registered new device driver usb
[    2.460174] PCI: Using ACPI for IRQ routing
[    2.466993] NetLabel: Initializing
[    2.469571] NetLabel:  domain hash size = 128
[    2.470694] NetLabel:  protocols = UNLABELED CIPSOv4
[    2.473219] NetLabel:  unlabeled traffic allowed by default
[    2.483422] amd_nb: Cannot enumerate AMD northbridges
[    2.485018] clocksource: Switched to clocksource kvm-clock
[    2.499043] AppArmor: AppArmor Filesystem Enabled
[    2.506295] pnp: PnP ACPI init
[    2.508736] pnp: PnP ACPI: found 3 devices
[    2.521627] clocksource: acpi_pm: mask: 0xffffff max_cycles: 0xffffff, max_idle_ns: 2085701024 ns
[    2.529868] NET: Registered protocol family 2
[    2.531291] TCP established hash table entries: 8192 (order: 4, 65536 bytes)
[    2.539397] TCP bind hash table entries: 8192 (order: 5, 131072 bytes)
[    2.540967] TCP: Hash tables configured (established 8192 bind 8192)
[    2.542625] UDP hash table entries: 512 (order: 2, 16384 bytes)
[    2.544278] UDP-Lite hash table entries: 512 (order: 2, 16384 bytes)
[    2.549636] NET: Registered protocol family 1
[    2.551092] pci 0000:00:00.0: Limiting direct PCI/PCI transfers
[    2.565762] pci 0000:00:01.0: Activating ISA DMA hang workarounds
[    2.571921] Unpacking initramfs...
[    4.833279] Freeing initrd memory: 10744K (ffff880036af4000 - ffff880037572000)
[    4.909846] RAPL PMU detected, API unit is 2^-32 Joules, 4 fixed counters 10737418240 ms ovfl timer
[    4.917093] hw unit of domain pp0-core 2^-0 Joules
[    4.939925] hw unit of domain package 2^-0 Joules
[    4.946128] hw unit of domain dram 2^-0 Joules
[    4.947475] hw unit of domain pp1-gpu 2^-0 Joules
[    4.948882] platform rtc_cmos: registered platform RTC device (no PNP device found)
[    4.952676] Scanning for low memory corruption every 60 seconds
[    4.987169] audit: initializing netlink subsys (disabled)
[    5.066343] audit: type=2000 audit(1494867889.112:1): initialized
[    5.070605] Initialise system trusted keyring
[    5.082946] HugeTLB registered 2 MB page size, pre-allocated 0 pages
[    5.124265] zbud: loaded
[    5.135307] VFS: Disk quotas dquot_6.6.0
[    5.139774] VFS: Dquot-cache hash table entries: 512 (order 0, 4096 bytes)
[    5.230957] squashfs: version 4.0 (2009/01/31) Phillip Lougher
[    5.244667] fuse init (API version 7.23)
[    5.320108] Key type big_key registered
[    5.336678] Allocating IMA MOK and blacklist keyrings.
[    5.367915] Key type asymmetric registered
[    5.374668] Asymmetric key parser 'x509' registered
[    5.377476] Block layer SCSI generic (bsg) driver version 0.4 loaded (major 249)
[    5.381191] io scheduler noop registered
[    5.389494] io scheduler deadline registered (default)
[    5.390777] io scheduler cfq registered
[    5.391961] pci_hotplug: PCI Hot Plug PCI Core version: 0.5
[    5.395024] pciehp: PCI Express Hot Plug Controller Driver version: 0.4
[    5.397066] ACPI: AC Adapter [AC] (on-line)
[    5.398504] input: Power Button as /devices/LNXSYSTM:00/LNXPWRBN:00/input/input0
[    5.400373] ACPI: Power Button [PWRF]
[    5.401433] input: Sleep Button as /devices/LNXSYSTM:00/LNXSLPBN:00/input/input1
[    5.407188] ACPI: Sleep Button [SLPF]
[    5.424935] ACPI: Battery Slot [BAT0] (battery present)
[    5.439628] GHES: HEST is not enabled!
[    5.571700] Serial: 8250/16550 driver, 32 ports, IRQ sharing enabled
[    5.597382] 00:02: ttyS0 at I/O 0x3f8 (irq = 4, base_baud = 115200) is a 16550A
[    5.634811] Linux agpgart interface v0.103
[    5.650917] loop: module loaded
[    5.666069] scsi host0: ata_piix
[    5.678025] scsi host1: ata_piix
[    5.681698] ata1: PATA max UDMA/33 cmd 0x1f0 ctl 0x3f6 bmdma 0xd000 irq 14
[    5.683277] ata2: PATA max UDMA/33 cmd 0x170 ctl 0x376 bmdma 0xd008 irq 15
[    5.685704] libphy: Fixed MDIO Bus: probed
[    5.689889] tun: Universal TUN/TAP device driver, 1.6
[    5.691463] tun: (C) 1999-2004 Max Krasnyansky <maxk@qualcomm.com>
[    5.706536] PPP generic driver version 2.4.2
[    5.707796] ehci_hcd: USB 2.0 'Enhanced' Host Controller (EHCI) Driver
[    5.717522] ehci-pci: EHCI PCI platform driver
[    5.720164] ehci-platform: EHCI generic platform driver
[    5.723117] ohci_hcd: USB 1.1 'Open' Host Controller (OHCI) Driver
[    5.727936] ohci-pci: OHCI PCI platform driver
[    5.736702] ohci-platform: OHCI generic platform driver
[    5.739993] uhci_hcd: USB Universal Host Controller Interface driver
[    5.742472] i8042: PNP: PS/2 Controller [PNP0303:PS2K,PNP0f03:PS2M] at 0x60,0x64 irq 1,12
[    5.761830] serio: i8042 KBD port at 0x60,0x64 irq 1
[    5.768488] serio: i8042 AUX port at 0x60,0x64 irq 12
[    5.777396] mousedev: PS/2 mouse device common for all mice
[    5.785134] rtc_cmos rtc_cmos: rtc core: registered rtc_cmos as rtc0
[    5.796380] rtc_cmos rtc_cmos: alarms up to one day, 114 bytes nvram
[    5.810209] i2c /dev entries driver
[    5.817573] input: AT Translated Set 2 keyboard as /devices/platform/i8042/serio0/input/input2
[    5.830007] device-mapper: uevent: version 1.0.3
[    5.835020] device-mapper: ioctl: 4.34.0-ioctl (2015-10-28) initialised: dm-devel@redhat.com
[    5.847527] ledtrig-cpu: registered to indicate activity on CPUs
[    5.856461] NET: Registered protocol family 10
[    5.858207] NET: Registered protocol family 17
[    5.863603] Key type dns_resolver registered
[    5.866278] microcode: CPU0 sig=0x40651, pf=0x40, revision=0x0
[    5.877824] microcode: CPU1 sig=0x40651, pf=0x40, revision=0x0
[    5.879641] microcode: Microcode Update Driver: v2.01 <tigran@aivazian.fsnet.co.uk>, Peter Oruba
[    5.883499] registered taskstats version 1
[    5.884748] Loading compiled-in X.509 certificates
[    5.886636] Loaded X.509 cert 'Build time autogenerated kernel key: 60562572960efd370424d983abb028749c4780ed'
[    5.892404] zswap: loaded using pool lzo/zbud
[    5.895643] Key type trusted registered
[    5.901904] Key type encrypted registered
[    5.906358] AppArmor: AppArmor sha1 policy hashing enabled
[    5.910270] ima: No TPM chip found, activating TPM-bypass!
[    5.920965] evm: HMAC attrs: 0x1
[    5.933146]   Magic number: 1:437:87
[    5.939646] button LNXPWRBN:00: hash matches
[    5.943414] rtc_cmos rtc_cmos: setting system clock to 2017-05-15 17:04:47 UTC (1494867887)
[    5.951057] BIOS EDD facility v0.16 2004-Jun-25, 0 devices found
[    5.953214] tsc: Refined TSC clocksource calibration: 2399.962 MHz
[    5.953217] clocksource: tsc: mask: 0xffffffffffffffff max_cycles: 0x229813d283d, max_idle_ns: 440795313186 ns
[    5.958620] EDD information not available.
[    5.962362] Freeing unused kernel memory: 1484K (ffffffff81f45000 - ffffffff820b8000)
[    5.971443] Write protecting the kernel read-only data: 14336k
[    5.979133] Freeing unused kernel memory: 1780K (ffff880001843000 - ffff880001a00000)
[    5.987624] Freeing unused kernel memory: 116K (ffff880001de3000 - ffff880001e00000)
Loading, please wait...
starting version[    6.025625] random: systemd-udevd: uninitialized urandom read (16 bytes read, 2 bits of entropy available)
 229
[    6.026598] random: udevadm: uninitialized urandom read (16 bytes read, 2 bits of entropy available)
[    6.026650] random: udevadm: uninitialized urandom read (16 bytes read, 2 bits of entropy available)
[    6.026803] random: udevadm: uninitialized urandom read (16 bytes read, 2 bits of entropy available)
[    6.026860] random: udevadm: uninitialized urandom read (16 bytes read, 2 bits of entropy available)
[    6.027058] random: udevadm: uninitialized urandom read (16 bytes read, 2 bits of entropy available)
[    6.027147] random: udevadm: uninitialized urandom read (16 bytes read, 2 bits of entropy available)
[    6.027192] random: udevadm: uninitialized urandom read (16 bytes read, 2 bits of entropy available)
[    6.027228] random: udevadm: uninitialized urandom read (16 bytes read, 2 bits of entropy available)
[    6.027262] random: udevadm: uninitialized urandom read (16 bytes read, 2 bits of entropy available)
[    6.124686] e1000: Intel(R) PRO/1000 Network Driver - version 7.3.21-k8-NAPI
[    6.132750] e1000: Copyright (c) 1999-2006 Intel Corporation.
[    6.141159] Fusion MPT base driver 3.04.20
[    6.151123] Copyright (c) 1999-2008 LSI Corporation
[    6.164733] Fusion MPT SPI Host driver 3.04.20
[    6.184423] AVX version of gcm_enc/dec engaged.
[    6.204085] AES CTR mode by8 optimization enabled
[    6.380428] input: ImExPS/2 Generic Explorer Mouse as /devices/platform/i8042/serio1/input/input4
[    6.510508] e1000 0000:00:03.0 eth0: (PCI:33MHz:32-bit) 02:50:ca:1d:53:f6
[    6.527729] e1000 0000:00:03.0 eth0: Intel(R) PRO/1000 Network Connection
[    6.550435] e1000 0000:00:03.0 enp0s3: renamed from eth0
[    6.570847] mptbase: ioc0: Initiating bringup
[    6.649448] ioc0: LSI53C1030 A0: Capabilities={Initiator}
[    6.864383] scsi host2: ioc0: LSI53C1030 A0, FwRev=00000000h, Ports=1, MaxQ=256, IRQ=20
[    7.090154] scsi 2:0:0:0: Direct-Access     VBOX     HARDDISK         1.0  PQ: 0 ANSI: 5
[    7.128026] scsi target2:0:0: Beginning Domain Validation
[    7.151754] scsi target2:0:0: Domain Validation skipping write tests
[    7.157704] scsi target2:0:0: Ending Domain Validation
[    7.160328] scsi target2:0:0: asynchronous
[    7.170474] scsi 2:0:1:0: Direct-Access     VBOX     HARDDISK         1.0  PQ: 0 ANSI: 5
[    7.180070] scsi target2:0:1: Beginning Domain Validation
[    7.183696] scsi target2:0:1: Domain Validation skipping write tests
[    7.208347] scsi target2:0:1: Ending Domain Validation
[    7.233973] scsi target2:0:1: asynchronous
[    7.248691] sd 2:0:0:0: Attached scsi generic sg0 type 0
[    7.249229] sd 2:0:0:0: [sda] 20971520 512-byte logical blocks: (10.7 GB/10.0 GiB)
[    7.249419] sd 2:0:0:0: [sda] Write Protect is off
[    7.249537] sd 2:0:0:0: [sda] Incomplete mode parameter data
[    7.249539] sd 2:0:0:0: [sda] Assuming drive cache: write through
[    7.258115]  sda: sda1
[    7.258934] sd 2:0:0:0: [sda] Attached SCSI disk
[    7.347875] sd 2:0:1:0: [sdb] 20480 512-byte logical blocks: (10.5 MB/10.0 MiB)
[    7.361059] sd 2:0:1:0: Attached scsi generic sg1 type 0
[    7.370185] sd 2:0:1:0: [sdb] Write Protect is off
[    7.387640] sd 2:0:1:0: [sdb] Incomplete mode parameter data
[    7.390649] sd 2:0:1:0: [sdb] Assuming drive cache: write through
[    7.394921] sd 2:0:1:0: [sdb] Attached SCSI disk
[    9.181460] floppy0: no floppy controllers found
Begin: Loading e[   10.577240] md: linear personality registered for level -1
ssential drivers ... [   10.583753] md: multipath personality registered for level -4
[   10.599307] md: raid0 personality registered for level 0
[   10.611453] md: raid1 personality registered for level 1
[   10.701070] raid6: sse2x1   gen()  8023 MB/s
[   10.773033] raid6: sse2x1   xor()  6036 MB/s
[   10.841400] raid6: sse2x2   gen()  9961 MB/s
[   10.913314] raid6: sse2x2   xor()  7001 MB/s
[   10.993085] raid6: sse2x4   gen() 10692 MB/s
[   11.061567] raid6: sse2x4   xor()  6786 MB/s
[   11.068369] raid6: using algorithm sse2x4 gen() 10692 MB/s
[   11.078562] raid6: .... xor() 6786 MB/s, rmw enabled
[   11.079799] raid6: using ssse3x2 recovery algorithm
[   11.091479] xor: automatically using best checksumming function:
[   11.149149]    avx       : 17752.000 MB/sec
[   11.161424] async_tx: api initialized (async)
[   11.176507] md: raid6 personality registered for level 6
[   11.179604] md: raid5 personality registered for level 5
[   11.181980] md: raid4 personality registered for level 4
[   11.188988] md: raid10 personality registered for level 10
done.
Begin: Running /scripts/init-premount ... done.
Begin: Mounting root file system ... Begin: Running /scripts/local-top ... done.
Begin: Running /scripts/local-premount ... [   11.225688] Btrfs loaded
Scanning for Btrfs filesystems
done.
Warning: fsck not present, so sk[   11.294791] EXT4-fs (sda1): mounted filesystem with ordered data mode. Opts: (null)
ipping root file system
done.
Begin: Running /scripts/local-bottom ... done.
Begin: Running /scripts/init-bottom ... done.
[   11.509130] systemd[1]: systemd 229 running in system mode. (+PAM +AUDIT +SELINUX +IMA +APPARMOR +SMACK +SYSVINIT +UTMP +LIBCRYPTSETUP +GCRYPT +GNUTLS +ACL +XZ -LZ4 +SECCOMP +BLKID +ELFUTILS +KMOD -IDN)
[   11.531243] systemd[1]: Detected virtualization oracle.
[   11.546043] systemd[1]: Detected architecture x86-64.

Welcome to [1mUbuntu 16.04.2 LTS[0m!

[   11.554925] systemd[1]: Set hostname to <ubuntu-xenial>.
[   11.768690] systemd[1]: Created slice System Slice.
[[0;32m  OK  [0m] Created slice System Slice.
[   11.827669] systemd[1]: Reached target User and Group Name Lookups.
[[0;32m  OK  [0m] Reached target User and Group Name Lookups.
[   11.838672] systemd[1]: Listening on LVM2 metadata daemon socket.
[[0;32m  OK  [0m] Listening on LVM2 metadata daemon socket.
[   11.861577] systemd[1]: Listening on Syslog Socket.
[[0;32m  OK  [0m] Listening on Syslog Socket.
[   11.874599] systemd[1]: Listening on udev Control Socket.
[[0;32m  OK  [0m] Listening on udev Control Socket.
[   11.925307] systemd[1]: Reached target Encrypted Volumes.
[[0;32m  OK  [0m] Reached target Encrypted Volumes.
[   11.977643] systemd[1]: Listening on LVM2 poll daemon socket.
[[0;32m  OK  [0m] Listening on LVM2 poll daemon socket.
[   11.989914] systemd[1]: Started Trigger resolvconf update for networkd DNS.
[[0;32m  OK  [0m] Started Trigger resolvconf update for networkd DNS.
[   12.029612] systemd[1]: Created slice system-serial\x2dgetty.slice.
[[0;32m  OK  [0m] Created slice system-serial\x2dgetty.slice.
[   12.069742] systemd[1]: Listening on udev Kernel Socket.
[[0;32m  OK  [0m] Listening on udev Kernel Socket.
[   12.193839] systemd[1]: Reached target Swap.
[[0;32m  OK  [0m] Reached target Swap.
[   12.228232] systemd[1]: Listening on /dev/initctl Compatibility Named Pipe.
[[0;32m  OK  [0m] Listening on /dev/initctl Compatibility Named Pipe.
[   12.246071] systemd[1]: Listening on Journal Socket.
[[0;32m  OK  [0m] Listening on Journal Socket.
[   12.269647] systemd[1]: Starting Load Kernel Modules...
         Starting Load Kernel Modules...
[   12.292908] systemd[1]: Starting Set console keymap...
         Starting Set console keymap...
[   12.311161] Loading iSCSI transport class v2.0-870.
[   12.312143] systemd[1]: Starting Create list of required static device nodes for the current kernel...
         Starting Create list of required st... nodes for the current kernel...
[   12.374654] iscsi: registered transport (tcp)
[   12.375494] systemd[1]: Mounting POSIX Message Queue File System...
         Mounting POSIX Message Queue File System...
[   12.393322] systemd[1]: Starting Nameserver information manager...
         Starting Nameserver information manager...
[   12.451149] iscsi: registered transport (iser)
[   12.453397] systemd[1]: Mounting Huge Pages File System...
         Mounting Huge Pages File System...
[   12.472241] systemd[1]: Starting Remount Root and Kernel File Systems...
         Starting Remount Root and Kernel File Systems...
[   12.495455] EXT4-fs (sda1): re-mounted. Opts: (null)
[   12.515689] systemd[1]: Mounting Debug File System...
         Mounting Debug File System...
[   12.561387] systemd[1]: Starting Uncomplicated firewall...
         Starting Uncomplicated firewall...
[   12.583538] systemd[1]: Listening on Journal Audit Socket.
[[0;32m  OK  [0m] Listening on Journal Audit Socket.
[   12.591364] systemd[1]: Started Forward Password Requests to Wall Directory Watch.
[[0;32m  OK  [0m] Started Forward Password Requests to Wall Directory Watch.
[   12.740280] systemd[1]: Listening on Journal Socket (/dev/log).
[[0;32m  OK  [0m] Listening on Journal Socket (/dev/log).
[   12.829411] systemd[1]: Starting Journal Service...
         Starting Journal Service...
[   12.869603] systemd[1]: Listening on Device-mapper event daemon FIFOs.
[[0;32m  OK  [0m] Listening on Device-mapper event daemon FIFOs.
[   12.917320] systemd[1]: Starting Monitoring of LVM2 mirrors, snapshots etc. using dmeventd or progress polling...
         Starting Monitoring of LVM2 mirrors... dmeventd or progress polling...
[   12.965738] systemd[1]: Set up automount Arbitrary Executable File Formats File System Automount Point.
[[0;32m  OK  [0m] Set up automount Arbitrary Executab...ats File System Automount Point.
[   13.026611] random: nonblocking pool is initialized
[   13.043805] systemd[1]: Created slice User and Session Slice.
[[0;32m  OK  [0m] Created slice User and Session Slice.
[   13.070994] systemd[1]: Reached target Slices.
[[0;32m  OK  [0m] Reached target Slices.
[   13.089997] systemd[1]: Mounted POSIX Message Queue File System.
[[0;32m  OK  [0m] Mounted POSIX Message Queue File System.
[   13.105654] systemd[1]: Mounted Huge Pages File System.
[[0;32m  OK  [0m] Mounted Huge Pages File System.
[   13.109943] systemd[1]: Mounted Debug File System.
[[0;32m  OK  [0m] Mounted Debug File System.
[   13.117486] systemd[1]: Started Journal Service.
[[0;32m  OK  [0m] Started Journal Service.
[[0;32m  OK  [0m] Started Load Kernel Modules.
[[0;32m  OK  [0m] Started Set console keymap.
[[0;32m  OK  [0m] Started Create list of required sta...ce nodes for the current kernel.
[[0;32m  OK  [0m] Started Remount Root and Kernel File Systems.
[[0;32m  OK  [0m] Started Uncomplicated firewall.
[[0;32m  OK  [0m] Started Nameserver information manager.
[[0;32m  OK  [0m] Started LVM2 metadata daemon.
         Starting Initial cloud-init job (pre-networking)...
         Starting Load/Save Random Seed...
         Starting udev Coldplug all Devices...
         Starting Create Static Device Nodes in /dev...
         Starting Apply Kernel Variables...
         Mounting FUSE Control File System...
         Starting Flush Journal to Persistent Storage...
[[0;32m  OK  [0m] Mounted FUSE Control File System.
[[0;32m  OK  [0m] Started Load/Save Random Seed.
[[0;32m  OK  [0m] Started Create Static Device Nodes in /dev.
[[0;32m  OK  [0m] Started Apply Kernel Variables.
[[0;32m  OK  [0m] Started udev Coldplug all Devices.
[[0;32m  OK  [0m] Started Flush Journal to Persistent Storage.
[[0;32m  OK  [0m] Started Monitoring of LVM2 mirrors,...ng dmeventd or progress polling.
         Starting udev Kernel Device Manager...
[[0;32m  OK  [0m] Started udev Kernel Device Manager.
[[0;32m  OK  [0m] Started Dispatch Password Requests to Console Directory Watch.
[[0;32m  OK  [0m] Reached target Local File Systems (Pre).
[[0;32m  OK  [0m] Reached target Local File Systems.
         Starting Set console font and keymap...
         Starting Tell Plymouth To Write Out Runtime Data...
         Starting Create Volatile Files and Directories...
         Starting LSB: AppArmor initialization...
[[0;32m  OK  [0m] Started Tell Plymouth To Write Out Runtime Data.
[[0;32m  OK  [0m] Started Create Volatile Files and Directories.
[[0;32m  OK  [0m] Found device /dev/ttyS0.
         Starting Update UTMP about System Boot/Shutdown...
[[0;32m  OK  [0m] Reached target System Time Synchronized.
[[0;32m  OK  [0m] Started Update UTMP about System Boot/Shutdown.
[[0;32m  OK  [0m] Started LSB: AppArmor initialization.
[[0;32m  OK  [0m] Started Set console font and keymap.
[[0;32m  OK  [0m] Created slice system-getty.slice.
[[0;32m  OK  [0m] Found device 82540EM Gigabit Ethern...r (PRO/1000 MT Desktop Adapter).
[[0;32m  OK  [0m] Listening on Load/Save RF Kill Switch Status /dev/rfkill Watch.
[   13.143419] cloud-init[436]: Cloud-init v. 0.7.9 running 'init-local' at Mon, 15 May 2017 17:04:56 +0000. Up 12.76 seconds.
[[0;32m  OK  [0m] Started Initial cloud-init job (pre-networking).
[[0;32m  OK  [0m] Reached target Network (Pre).
[[0;32m  OK  [0m] Started ifup for enp0s3.
         Starting Raise network interfaces...
[[0;32m  OK  [0m] Started Raise network interfaces.
         Starting Initial cloud-init job (metadata service crawler)...
[[0;32m  OK  [0m] Reached target Network.
[   16.081232] cloud-init[960]: Cloud-init v. 0.7.9 running 'init' at Mon, 15 May 2017 17:04:59 +0000. Up 15.74 seconds.
[   16.116713] cloud-init[960]: ci-info: +++++++++++++++++++++++++++++++++++++Net device info++++++++++++++++++++++++++++++++++++++
[   16.148350] [cloud-init[0;32m  OK  [0m[960]: ] ci-info: +--------+------+----------------------------+---------------+-------+-------------------+Started Initial cloud-init job (metadata service crawler).

[   16.148856] cloud-init[960]: ci-info: | Device |  Up  |          Address           |      Mask     | Scope |     Hw-Address    |
[   16.205023] [cloud-init[0;32m  OK  [0m[960]: ] ci-info: +--------+------+----------------------------+---------------+-------+-------------------+Reached target Network is Online.

[   16.205646] cloud-init[960]: ci-info: |   lo   | True |         127.0.0.1          |   255.0.0.0   |   .   |         .         |
[   16.256549] cloud-init[960]: ci-info: |   lo   | True |          ::1/128           |       .       |  host |         .         |
[   16.284803]          cloud-initStarting iSCSI initiator daemon (iscsid)...[960]: 
ci-info: | enp0s3 | True |         10.0.2.15          | 255.255.255.0 |   .   | 02:50:ca:1d:53:f6 |
[   16.330730] [cloud-init[0;32m  OK  [0m[960]: ] ci-info: | enp0s3 | True | fe80::50:caff:fe1d:53f6/64 |       .       |  link | 02:50:ca:1d:53:f6 |Reached target System Initialization.

[[0;32m  OK  [0m] Listening on D-Bus System Message Bus Socket.
[   16.331390] cloud-init[960]: ci-info: +--------+------+----------------------------+---------------+-------+-------------------+
[   16.375351] [cloud-init[0;32m  OK  [0m[960]: ] ci-info: +++++++++++++++++++++++++++Route IPv4 info++++++++++++++++++++++++++++Started ACPI Events Check.

[   16.376056] [cloud-init[0;32m  OK  [0m[960]: ] ci-info: +-------+-------------+----------+---------------+-----------+-------+Reached target Paths.

[   16.493371] cloud-init[960]: ci-info: | Route | Destination | Gateway  |    Genmask    | Interface | Flags |
         Starting LXD - unix socket.
[   16.494070] cloud-init[960]: ci-info: +-------+-------------+----------+---------------+-----------+-------+
[   16.568857] [cloud-init[0;32m  OK  [0m[960]: ] ci-info: |   0   |   0.0.0.0   | 10.0.2.2 |    0.0.0.0    |   enp0s3  |   UG  |Started Daily apt activities.

[   16.578666] [cloud-init[0;32m  OK  [0m[960]: ] ci-info: |   1   |   10.0.2.0  | 0.0.0.0  | 255.255.255.0 |   enp0s3  |   U   |Listening on ACPID Listen Socket.

[   16.579261] [cloud-init[0;32m  OK  [0m[960]: ] ci-info: +-------+-------------+----------+---------------+-----------+-------+Started Timer to automatically refresh installed snaps.

[[0;32m  OK  [0m] Started Daily Cleanup of Temporary Directories.
[[0;32m  OK  [0m] Reached target Timers.
         Starting Socket activation for snappy daemon.
[[0;32m  OK  [0m] Listening on UUID daemon activation socket.
[[0;32m  OK  [0m] Reached target Cloud-config availability.
[[0;32m  OK  [0m] Listening on LXD - unix socket.
[[0;32m  OK  [0m] Listening on Socket activation for snappy daemon.
[[0;32m  OK  [0m] Started iSCSI initiator daemon (iscsid).
         Starting Login to default iSCSI targets...
[[0;32m  OK  [0m] Reached target Sockets.
[[0;32m  OK  [0m] Reached target Basic System.
         Starting Apply the settings specified in cloud-config...
[[0;32m  OK  [0m] Started Snappy daemon.
[[0;32m  OK  [0m] Started Deferred execution scheduler.
[[0;32m  OK  [0m] Started Regular background program processing daemon.
         Starting MariaDB database server...
         Starting Login Service...
         Starting System Logging Service...
         Starting LSB: MD monitoring daemon...
[[0;32m  OK  [0m] Started D-Bus System Message Bus.
         Starting Accounts Service...
[[0;32m  OK  [0m] Started ACPI event daemon.
         Starting The PHP 7.0 FastCGI Process Manager...
         Starting OpenBSD Secure Shell server...
         Starting LXD - container startup/shutdown...
         Starting /etc/rc.local Compatibility...
         Starting LSB: Record successful boot for GRUB...
         Starting Auto import assertions from block devices...
[[0;32m  OK  [0m] Started FUSE filesystem for LXC.
[[0;32m  OK  [0m] Started Unattended Upgrades Shutdown.
[[0;32m  OK  [0m] Started System Logging Service.
[[0;32m  OK  [0m] Started OpenBSD Secure Shell server.
[[0;32m  OK  [0m] Started /etc/rc.local Compatibility.
[[0;32m  OK  [0m] Started Auto import assertions from block devices.
[[0;32m  OK  [0m] Started LXD - container startup/shutdown.
[[0;32m  OK  [0m] Started Login to default iSCSI targets.
[[0;32m  OK  [0m] Started LSB: MD monitoring daemon.
[[0;32m  OK  [0m] Started LSB: Record successful boot for GRUB.
[[0;32m  OK  [0m] Started Login Service.
         Starting Authenticate and Authorize Users to Run Privileged Tasks...
[[0;32m  OK  [0m] Reached target Remote File Systems (Pre).
[[0;32m  OK  [0m] Reached target Remote File Systems.
         Starting LSB: daemon to balance interrupts for SMP systems...
         Starting LSB: Set the CPU Frequency Scaling governor to "ondemand"...
         Starting LSB: Apache2 web server...
         Starting LSB: automatic crash report generation...
         Starting Permit User Sessions...
         Starting LSB: VirtualBox Linux Additions...
[[0;32m  OK  [0m] Started The PHP 7.0 FastCGI Process Manager.
[[0;32m  OK  [0m] Started Permit User Sessions.
[[0;32m  OK  [0m] Started Authenticate and Authorize Users to Run Privileged Tasks.
[[0;32m  OK  [0m] Started Accounts Service.
[   18.004523] cloud-init[1019]: Cloud-init v. 0.7.9 running 'modules:config' at Mon, 15 May 2017 17:05:01 +0000. Up 17.69 seconds.
[[0;32m  OK  [0m] Started LSB: Set the CPU Frequency Scaling governor to "ondemand".
[[0;32m  OK  [0m] Started Apply the settings specified in cloud-config.
[[0;32m  OK  [0m] Started LSB: daemon to balance interrupts for SMP systems.
[[0;32m  OK  [0m] Started LSB: automatic crash report generation.
[[0;32m  OK  [0m] Created slice User Slice of ubuntu.
[[0;32m  OK  [0m] Started Session 1 of user ubuntu.
         Starting User Manager for UID 1000...
         Starting Hold until boot process finishes up...
         Starting Terminate Plymouth Boot Screen...
[[0;32m  OK  [0m] Started User Manager for UID 1000.
[[0;32m  OK  [0m] Started LSB: VirtualBox Linux Additions.
[[0;32m  OK  [0m] Started Hold until boot process finishes up.
[[0;32m  OK  [0m] Started Terminate Plymouth Boot Screen.
[[0;32m  OK  [0m] Started Getty on tty1.
         Starting Set console scheme...
[[0;32m  OK  [0m] Started Serial Getty on ttyS0.
[[0;32m  OK  [0m] Reached target Login Prompts.
[[0;32m  OK  [0m] Started Set console scheme.
[[0;32m  OK  [0m] Started MariaDB database server.
[[0;32m  OK  [0m] Started LSB: Apache2 web server.
[[0;32m  OK  [0m] Reached target Multi-User System.
         Starting Execute cloud user/final scripts...
[[0;32m  OK  [0m] Reached target Graphical Interface.
         Starting Update UTMP about System Runlevel Changes...
[[0;32m  OK  [0m] Started Update UTMP about System Runlevel Changes.
[   19.779985] cloud-init[1505]: Cloud-init v. 0.7.9 running 'modules:final' at Mon, 15 May 2017 17:05:03 +0000. Up 19.65 seconds.
[   19.888701] cloud-init[1505]: Cloud-init v. 0.7.9 finished at Mon, 15 May 2017 17:05:03 +0000. Datasource DataSourceNoCloud [seed=/dev/sdb][dsmode=net].  Up 19.77 seconds
[[0;32m  OK  [0m] Started Execute cloud user/final scripts.
[[0;32m  OK  [0m] Reached target Cloud-init target.

Ubuntu 16.04.2 LTS ubuntu-xenial ttyS0

ubuntu-xenial login: 